2025-04-04 02:24:08.940167 - Received CBT.V508.FILE038.PDS from FILE038.XMI 
2025-04-04 02:24:08.944800 - Found $$$#DATE.txt (text/plain) in CBT.V508.FILE038.PDS, moved to PDS/$$$#DATE
2025-04-04 02:24:08.944948 - Found ###NEW##.txt (text/plain) in CBT.V508.FILE038.PDS, moved to PDS/###NEW##
2025-04-04 02:24:08.945098 - Found ##DOC.txt (text/plain) in CBT.V508.FILE038.PDS, moved to PDS/##DOC
2025-04-04 02:24:08.945563 - Found #GETFORT.jcl (text/plain) in CBT.V508.FILE038.PDS, moved to PDS/#GETFORT
2025-04-04 02:24:08.945792 - Found #GRAFICS.txt (text/plain) in CBT.V508.FILE038.PDS, moved to PDS/#GRAFICS
2025-04-04 02:24:08.945966 - Found #JCLFULL.jcl (text/plain) in CBT.V508.FILE038.PDS, moved to PDS/#JCLFULL
2025-04-04 02:24:08.946096 - Found #JCLPROG.txt (text/plain) in CBT.V508.FILE038.PDS, moved to PDS/#JCLPROG
2025-04-04 02:24:08.946219 - Found #KLHELP.txt (text/plain) in CBT.V508.FILE038.PDS, moved to PDS/#KLHELP
2025-04-04 02:24:08.946342 - Found #KLHERC.txt (text/plain) in CBT.V508.FILE038.PDS, moved to PDS/#KLHERC
2025-04-04 02:24:08.946458 - Found #KLSEQ.txt (text/plain) in CBT.V508.FILE038.PDS, moved to PDS/#KLSEQ
2025-04-04 02:24:08.946650 - Found #KL3270.txt (text/plain) in CBT.V508.FILE038.PDS, moved to PDS/#KL3270
2025-04-04 02:24:08.946791 - Found #LINK.txt (text/plain) in CBT.V508.FILE038.PDS, moved to PDS/#LINK
2025-04-04 02:24:08.946912 - Found #LNKINIT.txt (text/plain) in CBT.V508.FILE038.PDS, moved to PDS/#LNKINIT
2025-04-04 02:24:08.947034 - Found #MEMLIST.txt (text/plain) in CBT.V508.FILE038.PDS, moved to PDS/#MEMLIST
2025-04-04 02:24:08.947163 - Found #RULES.txt (text/plain) in CBT.V508.FILE038.PDS, moved to PDS/#RULES
2025-04-04 02:24:08.947285 - Found #SRULES.t (text/troff) in CBT.V508.FILE038.PDS, moved to PDS/#SRULES
2025-04-04 02:24:08.947404 - Found @FILE038.txt (text/plain) in CBT.V508.FILE038.PDS, moved to PDS/@FILE038
2025-04-04 02:24:08.947523 - Found ABANMS.txt (text/plain) in CBT.V508.FILE038.PDS, moved to PDS/ABANMS
2025-04-04 02:24:08.947641 - Found ABSORB.txt (text/plain) in CBT.V508.FILE038.PDS, moved to PDS/ABSORB
2025-04-04 02:24:08.947768 - Found ADDQUE.txt (text/plain) in CBT.V508.FILE038.PDS, moved to PDS/ADDQUE
2025-04-04 02:24:08.947887 - Found APDEV.txt (text/plain) in CBT.V508.FILE038.PDS, moved to PDS/APDEV
2025-04-04 02:24:08.948009 - Found AROUND.txt (text/plain) in CBT.V508.FILE038.PDS, moved to PDS/AROUND
2025-04-04 02:24:08.948122 - Found BATTCK.txt (text/plain) in CBT.V508.FILE038.PDS, moved to PDS/BATTCK
2025-04-04 02:24:08.948235 - Found BATTLE.txt (text/plain) in CBT.V508.FILE038.PDS, moved to PDS/BATTLE
2025-04-04 02:24:08.948365 - Found BEEP.txt (text/plain) in CBT.V508.FILE038.PDS, moved to PDS/BEEP
2025-04-04 02:24:08.948480 - Found BEEP2.txt (text/plain) in CBT.V508.FILE038.PDS, moved to PDS/BEEP2
2025-04-04 02:24:08.948592 - Found BLOCKD.txt (text/plain) in CBT.V508.FILE038.PDS, moved to PDS/BLOCKD
2025-04-04 02:24:08.948704 - Found BRIDGE.txt (text/plain) in CBT.V508.FILE038.PDS, moved to PDS/BRIDGE
2025-04-04 02:24:08.948829 - Found BSTAT.txt (text/plain) in CBT.V508.FILE038.PDS, moved to PDS/BSTAT
2025-04-04 02:24:08.948944 - Found CBTCLIST.txt (text/plain) in CBT.V508.FILE038.PDS, moved to PDS/CBTCLIST
2025-04-04 02:24:08.949056 - Found CBTJCL.jcl (text/plain) in CBT.V508.FILE038.PDS, moved to PDS/CBTJCL
2025-04-04 02:24:08.949186 - Found CERT.txt (text/plain) in CBT.V508.FILE038.PDS, moved to PDS/CERT
2025-04-04 02:24:08.949302 - Found COMOVE.txt (text/plain) in CBT.V508.FILE038.PDS, moved to PDS/COMOVE
2025-04-04 02:24:08.949424 - Found COPVEC.txt (text/plain) in CBT.V508.FILE038.PDS, moved to PDS/COPVEC
2025-04-04 02:24:08.949536 - Found CORAND.txt (text/plain) in CBT.V508.FILE038.PDS, moved to PDS/CORAND
2025-04-04 02:24:08.949646 - Found CPAGE.txt (text/plain) in CBT.V508.FILE038.PDS, moved to PDS/CPAGE
2025-04-04 02:24:08.949756 - Found DAMAGE.txt (text/plain) in CBT.V508.FILE038.PDS, moved to PDS/DAMAGE
2025-04-04 02:24:08.949878 - Found DAMAGR.txt (text/plain) in CBT.V508.FILE038.PDS, moved to PDS/DAMAGR
2025-04-04 02:24:08.949990 - Found DBUGCH.txt (text/plain) in CBT.V508.FILE038.PDS, moved to PDS/DBUGCH
2025-04-04 02:24:08.950106 - Found DBUGIA.txt (text/plain) in CBT.V508.FILE038.PDS, moved to PDS/DBUGIA
2025-04-04 02:24:08.950222 - Found DBUGIN.txt (text/plain) in CBT.V508.FILE038.PDS, moved to PDS/DBUGIN
2025-04-04 02:24:08.950341 - Found DBUGRA.txt (text/plain) in CBT.V508.FILE038.PDS, moved to PDS/DBUGRA
2025-04-04 02:24:08.950451 - Found DBUGRN.txt (text/plain) in CBT.V508.FILE038.PDS, moved to PDS/DBUGRN
2025-04-04 02:24:08.950561 - Found DEATHR.txt (text/plain) in CBT.V508.FILE038.PDS, moved to PDS/DEATHR
2025-04-04 02:24:08.950676 - Found DEBUGX.txt (text/plain) in CBT.V508.FILE038.PDS, moved to PDS/DEBUGX
2025-04-04 02:24:08.950787 - Found DESMSG.txt (text/plain) in CBT.V508.FILE038.PDS, moved to PDS/DESMSG
2025-04-04 02:24:08.950896 - Found DISPIN.txt (text/plain) in CBT.V508.FILE038.PDS, moved to PDS/DISPIN
2025-04-04 02:24:08.951024 - Found DIST.txt (text/plain) in CBT.V508.FILE038.PDS, moved to PDS/DIST
2025-04-04 02:24:08.951158 - Found DOCK.txt (text/plain) in CBT.V508.FILE038.PDS, moved to PDS/DOCK
2025-04-04 02:24:08.951268 - Found DRAGIN.txt (text/plain) in CBT.V508.FILE038.PDS, moved to PDS/DRAGIN
2025-04-04 02:24:08.951390 - Found EMPLAC.txt (text/plain) in CBT.V508.FILE038.PDS, moved to PDS/EMPLAC
2025-04-04 02:24:08.951504 - Found ENGUSE.txt (text/plain) in CBT.V508.FILE038.PDS, moved to PDS/ENGUSE
2025-04-04 02:24:08.951623 - Found ENGYST.txt (text/plain) in CBT.V508.FILE038.PDS, moved to PDS/ENGYST
2025-04-04 02:24:08.951732 - Found ESCAPE.txt (text/plain) in CBT.V508.FILE038.PDS, moved to PDS/ESCAPE
2025-04-04 02:24:08.951844 - Found FREEZE.txt (text/plain) in CBT.V508.FILE038.PDS, moved to PDS/FREEZE
2025-04-04 02:24:08.952001 - Found FSIO1.txt (text/plain) in CBT.V508.FILE038.PDS, moved to PDS/FSIO1
2025-04-04 02:24:08.952136 - Found FSIO2.txt (text/plain) in CBT.V508.FILE038.PDS, moved to PDS/FSIO2
2025-04-04 02:24:08.952251 - Found GAINIT.txt (text/plain) in CBT.V508.FILE038.PDS, moved to PDS/GAINIT
2025-04-04 02:24:08.952363 - Found GRAFIC.txt (text/plain) in CBT.V508.FILE038.PDS, moved to PDS/GRAFIC
2025-04-04 02:24:08.952471 - Found HELP.txt (text/plain) in CBT.V508.FILE038.PDS, moved to PDS/HELP
2025-04-04 02:24:08.952599 - Found HELPRT.txt (text/plain) in CBT.V508.FILE038.PDS, moved to PDS/HELPRT
2025-04-04 02:24:08.952715 - Found ICROG.txt (text/plain) in CBT.V508.FILE038.PDS, moved to PDS/ICROG
2025-04-04 02:24:08.952840 - Found IDENT.txt (text/plain) in CBT.V508.FILE038.PDS, moved to PDS/IDENT
2025-04-04 02:24:08.952948 - Found IFEDST.txt (text/plain) in CBT.V508.FILE038.PDS, moved to PDS/IFEDST
2025-04-04 02:24:08.953071 - Found IFWIN.txt (text/plain) in CBT.V508.FILE038.PDS, moved to PDS/IFWIN
2025-04-04 02:24:08.953196 - Found INITCH.txt (text/plain) in CBT.V508.FILE038.PDS, moved to PDS/INITCH
2025-04-04 02:24:08.953317 - Found INITCT.txt (text/plain) in CBT.V508.FILE038.PDS, moved to PDS/INITCT
2025-04-04 02:24:08.953429 - Found INITDM.txt (text/plain) in CBT.V508.FILE038.PDS, moved to PDS/INITDM
2025-04-04 02:24:08.953550 - Found INITGR.txt (text/plain) in CBT.V508.FILE038.PDS, moved to PDS/INITGR
2025-04-04 02:24:08.953659 - Found INITKL.txt (text/plain) in CBT.V508.FILE038.PDS, moved to PDS/INITKL
2025-04-04 02:24:08.953766 - Found INTERC.txt (text/plain) in CBT.V508.FILE038.PDS, moved to PDS/INTERC
2025-04-04 02:24:08.953876 - Found INTRO.txt (text/plain) in CBT.V508.FILE038.PDS, moved to PDS/INTRO
2025-04-04 02:24:08.953985 - Found IN3270.txt (text/plain) in CBT.V508.FILE038.PDS, moved to PDS/IN3270
2025-04-04 02:24:08.954095 - Found ISBSET.txt (text/plain) in CBT.V508.FILE038.PDS, moved to PDS/ISBSET
2025-04-04 02:24:08.954221 - Found ISGN.txt (text/plain) in CBT.V508.FILE038.PDS, moved to PDS/ISGN
2025-04-04 02:24:08.954336 - Found ITERPT.txt (text/plain) in CBT.V508.FILE038.PDS, moved to PDS/ITERPT
2025-04-04 02:24:08.954447 - Found IW.txt (text/plain) in CBT.V508.FILE038.PDS, moved to PDS/IW
2025-04-04 02:24:08.954576 - Found IWI.txt (text/plain) in CBT.V508.FILE038.PDS, moved to PDS/IWI
2025-04-04 02:24:08.954687 - Found IWV.txt (text/plain) in CBT.V508.FILE038.PDS, moved to PDS/IWV
2025-04-04 02:24:08.954803 - Found JULIAN.txt (text/plain) in CBT.V508.FILE038.PDS, moved to PDS/JULIAN
2025-04-04 02:24:08.954908 - Found KILLER.txt (text/plain) in CBT.V508.FILE038.PDS, moved to PDS/KILLER
2025-04-04 02:24:08.955034 - Found KL.f (text/x-fortran) in CBT.V508.FILE038.PDS, moved to PDS/KL
2025-04-04 02:24:08.955173 - Found LINEF.txt (text/plain) in CBT.V508.FILE038.PDS, moved to PDS/LINEF
2025-04-04 02:24:08.955317 - Found LOCATE.txt (text/plain) in CBT.V508.FILE038.PDS, moved to PDS/LOCATE
2025-04-04 02:24:08.955448 - Found LONINT.txt (text/plain) in CBT.V508.FILE038.PDS, moved to PDS/LONINT
2025-04-04 02:24:08.955596 - Found LRSCAN.txt (text/plain) in CBT.V508.FILE038.PDS, moved to PDS/LRSCAN
2025-04-04 02:24:08.955730 - Found MAININ.txt (text/plain) in CBT.V508.FILE038.PDS, moved to PDS/MAININ
2025-04-04 02:24:08.955855 - Found MEMLPG.txt (text/plain) in CBT.V508.FILE038.PDS, moved to PDS/MEMLPG
2025-04-04 02:24:08.955982 - Found M2FAST.txt (text/plain) in CBT.V508.FILE038.PDS, moved to PDS/M2FAST
2025-04-04 02:24:08.956109 - Found NOVKIL.txt (text/plain) in CBT.V508.FILE038.PDS, moved to PDS/NOVKIL
2025-04-04 02:24:08.956238 - Found NUMREC.txt (text/plain) in CBT.V508.FILE038.PDS, moved to PDS/NUMREC
2025-04-04 02:24:08.956369 - Found OLDNEW.txt (text/plain) in CBT.V508.FILE038.PDS, moved to PDS/OLDNEW
2025-04-04 02:24:08.956508 - Found ORBIT.txt (text/plain) in CBT.V508.FILE038.PDS, moved to PDS/ORBIT
2025-04-04 02:24:08.956642 - Found PERHIT.txt (text/plain) in CBT.V508.FILE038.PDS, moved to PDS/PERHIT
2025-04-04 02:24:08.956779 - Found PHASER.txt (text/plain) in CBT.V508.FILE038.PDS, moved to PDS/PHASER
2025-04-04 02:24:08.956924 - Found PHOTON.txt (text/plain) in CBT.V508.FILE038.PDS, moved to PDS/PHOTON
2025-04-04 02:24:08.957059 - Found PLACE.txt (text/plain) in CBT.V508.FILE038.PDS, moved to PDS/PLACE
2025-04-04 02:24:08.957195 - Found PLAGAN.txt (text/plain) in CBT.V508.FILE038.PDS, moved to PDS/PLAGAN
2025-04-04 02:24:08.957328 - Found PLANET.txt (text/plain) in CBT.V508.FILE038.PDS, moved to PDS/PLANET
2025-04-04 02:24:08.957840 - Found PRCHRT.txt (text/plain) in CBT.V508.FILE038.PDS, moved to PDS/PRCHRT
2025-04-04 02:24:08.958272 - Found PRHIT.txt (text/plain) in CBT.V508.FILE038.PDS, moved to PDS/PRHIT
2025-04-04 02:24:08.958383 - Found PRMIM.txt (text/plain) in CBT.V508.FILE038.PDS, moved to PDS/PRMIM
2025-04-04 02:24:08.958504 - Found PRMRM.txt (text/plain) in CBT.V508.FILE038.PDS, moved to PDS/PRMRM
2025-04-04 02:24:08.958617 - Found PRMSG.txt (text/plain) in CBT.V508.FILE038.PDS, moved to PDS/PRMSG
2025-04-04 02:24:08.958731 - Found PRMSGC.txt (text/plain) in CBT.V508.FILE038.PDS, moved to PDS/PRMSGC
2025-04-04 02:24:08.959191 - Found PRMSG1.txt (text/plain) in CBT.V508.FILE038.PDS, moved to PDS/PRMSG1
2025-04-04 02:24:08.959300 - Found PRMSM.txt (text/plain) in CBT.V508.FILE038.PDS, moved to PDS/PRMSM
2025-04-04 02:24:08.959409 - Found PROMOT.txt (text/plain) in CBT.V508.FILE038.PDS, moved to PDS/PROMOT
2025-04-04 02:24:08.959526 - Found PRSC.txt (text/plain) in CBT.V508.FILE038.PDS, moved to PDS/PRSC
2025-04-04 02:24:08.959638 - Found PRTEND.txt (text/plain) in CBT.V508.FILE038.PDS, moved to PDS/PRTEND
2025-04-04 02:24:08.959763 - Found RAND.txt (text/plain) in CBT.V508.FILE038.PDS, moved to PDS/RAND
2025-04-04 02:24:08.959893 - Found RANDF.txt (text/plain) in CBT.V508.FILE038.PDS, moved to PDS/RANDF
2025-04-04 02:24:08.960008 - Found RANSET.txt (text/plain) in CBT.V508.FILE038.PDS, moved to PDS/RANSET
2025-04-04 02:24:08.960124 - Found READIN.txt (text/plain) in CBT.V508.FILE038.PDS, moved to PDS/READIN
2025-04-04 02:24:08.960235 - Found REPAIR.txt (text/plain) in CBT.V508.FILE038.PDS, moved to PDS/REPAIR
2025-04-04 02:24:08.960352 - Found RESORT.txt (text/plain) in CBT.V508.FILE038.PDS, moved to PDS/RESORT
2025-04-04 02:24:08.960470 - Found SCAN.txt (text/plain) in CBT.V508.FILE038.PDS, moved to PDS/SCAN
2025-04-04 02:24:08.960803 - Found SCORE.txt (text/plain) in CBT.V508.FILE038.PDS, moved to PDS/SCORE
2025-04-04 02:24:08.960917 - Found SECSET.txt (text/plain) in CBT.V508.FILE038.PDS, moved to PDS/SECSET
2025-04-04 02:24:08.961030 - Found SENDEC.txt (text/plain) in CBT.V508.FILE038.PDS, moved to PDS/SENDEC
2025-04-04 02:24:08.961141 - Found SETFED.txt (text/plain) in CBT.V508.FILE038.PDS, moved to PDS/SETFED
2025-04-04 02:24:08.961250 - Found SETFOR.txt (text/plain) in CBT.V508.FILE038.PDS, moved to PDS/SETFOR
2025-04-04 02:24:08.961357 - Found SHECON.txt (text/plain) in CBT.V508.FILE038.PDS, moved to PDS/SHECON
2025-04-04 02:24:08.961464 - Found SHIFT.txt (text/plain) in CBT.V508.FILE038.PDS, moved to PDS/SHIFT
2025-04-04 02:24:08.961580 - Found SHIFTAB.txt (text/plain) in CBT.V508.FILE038.PDS, moved to PDS/SHIFTAB
2025-04-04 02:24:08.961691 - Found SHIFTC.txt (text/plain) in CBT.V508.FILE038.PDS, moved to PDS/SHIFTC
2025-04-04 02:24:08.961821 - Found SHIP.txt (text/plain) in CBT.V508.FILE038.PDS, moved to PDS/SHIP
2025-04-04 02:24:08.961947 - Found SRS.txt (text/plain) in CBT.V508.FILE038.PDS, moved to PDS/SRS
2025-04-04 02:24:08.962061 - Found SRSCAN.txt (text/plain) in CBT.V508.FILE038.PDS, moved to PDS/SRSCAN
2025-04-04 02:24:08.962173 - Found SR3270.txt (text/plain) in CBT.V508.FILE038.PDS, moved to PDS/SR3270
2025-04-04 02:24:08.962284 - Found SSDEST.txt (text/plain) in CBT.V508.FILE038.PDS, moved to PDS/SSDEST
2025-04-04 02:24:08.962394 - Found SSFIND.txt (text/plain) in CBT.V508.FILE038.PDS, moved to PDS/SSFIND
2025-04-04 02:24:08.962511 - Found SSINIT.txt (text/plain) in CBT.V508.FILE038.PDS, moved to PDS/SSINIT
2025-04-04 02:24:08.962624 - Found SSMOVI.txt (text/plain) in CBT.V508.FILE038.PDS, moved to PDS/SSMOVI
2025-04-04 02:24:08.962739 - Found SSMOVO.txt (text/plain) in CBT.V508.FILE038.PDS, moved to PDS/SSMOVO
2025-04-04 02:24:08.962857 - Found SSPRNT.txt (text/plain) in CBT.V508.FILE038.PDS, moved to PDS/SSPRNT
2025-04-04 02:24:08.962983 - Found SSTART.txt (text/plain) in CBT.V508.FILE038.PDS, moved to PDS/SSTART
2025-04-04 02:24:08.963094 - Found STARTM.txt (text/plain) in CBT.V508.FILE038.PDS, moved to PDS/STARTM
2025-04-04 02:24:08.963204 - Found STAX.txt (text/plain) in CBT.V508.FILE038.PDS, moved to PDS/STAX
2025-04-04 02:24:08.963311 - Found STIMER.txt (text/plain) in CBT.V508.FILE038.PDS, moved to PDS/STIMER
2025-04-04 02:24:08.963424 - Found SZTERM.txt (text/plain) in CBT.V508.FILE038.PDS, moved to PDS/SZTERM
2025-04-04 02:24:08.963533 - Found TARSET.txt (text/plain) in CBT.V508.FILE038.PDS, moved to PDS/TARSET
2025-04-04 02:24:08.963644 - Found TIME.txt (text/plain) in CBT.V508.FILE038.PDS, moved to PDS/TIME
2025-04-04 02:24:08.963762 - Found TIMMSG.txt (text/plain) in CBT.V508.FILE038.PDS, moved to PDS/TIMMSG
2025-04-04 02:24:08.963889 - Found TIMUSE.txt (text/plain) in CBT.V508.FILE038.PDS, moved to PDS/TIMUSE
2025-04-04 02:24:08.963999 - Found TRACK.txt (text/plain) in CBT.V508.FILE038.PDS, moved to PDS/TRACK
2025-04-04 02:24:08.964123 - Found TSMSG.txt (text/plain) in CBT.V508.FILE038.PDS, moved to PDS/TSMSG
2025-04-04 02:24:08.964235 - Found XCHEAD.txt (text/plain) in CBT.V508.FILE038.PDS, moved to PDS/XCHEAD
2025-04-04 02:24:08.964348 - Found XDEBUG.txt (text/plain) in CBT.V508.FILE038.PDS, moved to PDS/XDEBUG
2025-04-04 02:24:08.964465 - Found XFILLB.txt (text/plain) in CBT.V508.FILE038.PDS, moved to PDS/XFILLB
2025-04-04 02:24:08.964572 - Found YESNO.txt (text/plain) in CBT.V508.FILE038.PDS, moved to PDS/YESNO
